Performing C++ SOURCE FILE Test COMPILER_SUPPORT_Wshorten64to32 failed with the following output:
Change Dir: /home/bobo/ros2_ws/build/Eigen3/CMakeFiles/CMakeTmp

Run Build Command(s):/usr/bin/gmake -f Makefile cmTC_d0473/fast && /usr/bin/gmake  -f CMakeFiles/cmTC_d0473.dir/build.make CMakeFiles/cmTC_d0473.dir/build
gmake[1]: Entering directory '/home/bobo/ros2_ws/build/Eigen3/CMakeFiles/CMakeTmp'
Building CXX object CMakeFiles/cmTC_d0473.dir/src.cxx.o
/usr/bin/c++ -DCOMPILER_SUPPORT_Wshorten64to32  -std=c++03 -pedantic -Wall -Wextra -Wundef -Wcast-align -Wchar-subscripts -Wnon-virtual-dtor -Wunused-local-typedefs -Wpointer-arith -Wwrite-strings -Wformat-security -Werror   -Wshorten-64-to-32 -o CMakeFiles/cmTC_d0473.dir/src.cxx.o -c /home/bobo/ros2_ws/build/Eigen3/CMakeFiles/CMakeTmp/src.cxx
c++: error: unrecognized command-line option '-Wshorten-64-to-32'
gmake[1]: *** [CMakeFiles/cmTC_d0473.dir/build.make:78: CMakeFiles/cmTC_d0473.dir/src.cxx.o] Error 1
gmake[1]: Leaving directory '/home/bobo/ros2_ws/build/Eigen3/CMakeFiles/CMakeTmp'
gmake: *** [Makefile:127: cmTC_d0473/fast] Error 2


Source file was:
int main() { return 0; }
Performing C++ SOURCE FILE Test COMPILER_SUPPORT_Wcpp11extensions failed with the following output:
Change Dir: /home/bobo/ros2_ws/build/Eigen3/CMakeFiles/CMakeTmp

Run Build Command(s):/usr/bin/gmake -f Makefile cmTC_4293a/fast && /usr/bin/gmake  -f CMakeFiles/cmTC_4293a.dir/build.make CMakeFiles/cmTC_4293a.dir/build
gmake[1]: Entering directory '/home/bobo/ros2_ws/build/Eigen3/CMakeFiles/CMakeTmp'
Building CXX object CMakeFiles/cmTC_4293a.dir/src.cxx.o
/usr/bin/c++ -DCOMPILER_SUPPORT_Wcpp11extensions  -std=c++03 -pedantic -Wall -Wextra -Wundef -Wcast-align -Wchar-subscripts -Wnon-virtual-dtor -Wunused-local-typedefs -Wpointer-arith -Wwrite-strings -Wformat-security -Wlogical-op -Wenum-conversion -Werror   -Wc++11-extensions -o CMakeFiles/cmTC_4293a.dir/src.cxx.o -c /home/bobo/ros2_ws/build/Eigen3/CMakeFiles/CMakeTmp/src.cxx
c++: error: unrecognized command-line option '-Wc++11-extensions'; did you mean '-fms-extensions'?
gmake[1]: *** [CMakeFiles/cmTC_4293a.dir/build.make:78: CMakeFiles/cmTC_4293a.dir/src.cxx.o] Error 1
gmake[1]: Leaving directory '/home/bobo/ros2_ws/build/Eigen3/CMakeFiles/CMakeTmp'
gmake: *** [Makefile:127: cmTC_4293a/fast] Error 2


Source file was:
int main() { return 0; }
Performing C++ SOURCE FILE Test COMPILER_SUPPORT_wd981 failed with the following output:
Change Dir: /home/bobo/ros2_ws/build/Eigen3/CMakeFiles/CMakeTmp

Run Build Command(s):/usr/bin/gmake -f Makefile cmTC_04dac/fast && /usr/bin/gmake  -f CMakeFiles/cmTC_04dac.dir/build.make CMakeFiles/cmTC_04dac.dir/build
gmake[1]: Entering directory '/home/bobo/ros2_ws/build/Eigen3/CMakeFiles/CMakeTmp'
Building CXX object CMakeFiles/cmTC_04dac.dir/src.cxx.o
/usr/bin/c++ -DCOMPILER_SUPPORT_wd981  -std=c++03 -pedantic -Wall -Wextra -Wundef -Wcast-align -Wchar-subscripts -Wnon-virtual-dtor -Wunused-local-typedefs -Wpointer-arith -Wwrite-strings -Wformat-security -Wlogical-op -Wenum-conversion -Wdouble-promotion -Wshadow -Wno-psabi -Wno-variadic-macros -Wno-long-long -fno-check-new -fno-common -fstrict-aliasing -Werror   -wd981 -o CMakeFiles/cmTC_04dac.dir/src.cxx.o -c /home/bobo/ros2_ws/build/Eigen3/CMakeFiles/CMakeTmp/src.cxx
c++: error: unrecognized command-line option '-wd981'
gmake[1]: *** [CMakeFiles/cmTC_04dac.dir/build.make:78: CMakeFiles/cmTC_04dac.dir/src.cxx.o] Error 1
gmake[1]: Leaving directory '/home/bobo/ros2_ws/build/Eigen3/CMakeFiles/CMakeTmp'
gmake: *** [Makefile:127: cmTC_04dac/fast] Error 2


Source file was:
int main() { return 0; }
Performing C++ SOURCE FILE Test COMPILER_SUPPORT_wd2304 failed with the following output:
Change Dir: /home/bobo/ros2_ws/build/Eigen3/CMakeFiles/CMakeTmp

Run Build Command(s):/usr/bin/gmake -f Makefile cmTC_a0311/fast && /usr/bin/gmake  -f CMakeFiles/cmTC_a0311.dir/build.make CMakeFiles/cmTC_a0311.dir/build
gmake[1]: Entering directory '/home/bobo/ros2_ws/build/Eigen3/CMakeFiles/CMakeTmp'
Building CXX object CMakeFiles/cmTC_a0311.dir/src.cxx.o
/usr/bin/c++ -DCOMPILER_SUPPORT_wd2304  -std=c++03 -pedantic -Wall -Wextra -Wundef -Wcast-align -Wchar-subscripts -Wnon-virtual-dtor -Wunused-local-typedefs -Wpointer-arith -Wwrite-strings -Wformat-security -Wlogical-op -Wenum-conversion -Wdouble-promotion -Wshadow -Wno-psabi -Wno-variadic-macros -Wno-long-long -fno-check-new -fno-common -fstrict-aliasing -Werror   -wd2304 -o CMakeFiles/cmTC_a0311.dir/src.cxx.o -c /home/bobo/ros2_ws/build/Eigen3/CMakeFiles/CMakeTmp/src.cxx
c++: error: unrecognized command-line option '-wd2304'
gmake[1]: *** [CMakeFiles/cmTC_a0311.dir/build.make:78: CMakeFiles/cmTC_a0311.dir/src.cxx.o] Error 1
gmake[1]: Leaving directory '/home/bobo/ros2_ws/build/Eigen3/CMakeFiles/CMakeTmp'
gmake: *** [Makefile:127: cmTC_a0311/fast] Error 2


Source file was:
int main() { return 0; }
Performing C++ SOURCE FILE Test COMPILER_SUPPORT_STRICTANSI failed with the following output:
Change Dir: /home/bobo/ros2_ws/build/Eigen3/CMakeFiles/CMakeTmp

Run Build Command(s):/usr/bin/gmake -f Makefile cmTC_b6377/fast && /usr/bin/gmake  -f CMakeFiles/cmTC_b6377.dir/build.make CMakeFiles/cmTC_b6377.dir/build
gmake[1]: Entering directory '/home/bobo/ros2_ws/build/Eigen3/CMakeFiles/CMakeTmp'
Building CXX object CMakeFiles/cmTC_b6377.dir/src.cxx.o
/usr/bin/c++ -DCOMPILER_SUPPORT_STRICTANSI  -std=c++03 -pedantic -Wall -Wextra -Wundef -Wcast-align -Wchar-subscripts -Wnon-virtual-dtor -Wunused-local-typedefs -Wpointer-arith -Wwrite-strings -Wformat-security -Wlogical-op -Wenum-conversion -Wdouble-promotion -Wshadow -Wno-psabi -Wno-variadic-macros -Wno-long-long -fno-check-new -fno-common -fstrict-aliasing -Werror   -strict-ansi -o CMakeFiles/cmTC_b6377.dir/src.cxx.o -c /home/bobo/ros2_ws/build/Eigen3/CMakeFiles/CMakeTmp/src.cxx
c++: error: unrecognized command-line option '-strict-ansi'; did you mean '-fstrict-enums'?
gmake[1]: *** [CMakeFiles/cmTC_b6377.dir/build.make:78: CMakeFiles/cmTC_b6377.dir/src.cxx.o] Error 1
gmake[1]: Leaving directory '/home/bobo/ros2_ws/build/Eigen3/CMakeFiles/CMakeTmp'
gmake: *** [Makefile:127: cmTC_b6377/fast] Error 2


Source file was:
int main() { return 0; }
Performing C++ SOURCE FILE Test COMPILER_SUPPORT_Qunusedarguments failed with the following output:
Change Dir: /home/bobo/ros2_ws/build/Eigen3/CMakeFiles/CMakeTmp

Run Build Command(s):/usr/bin/gmake -f Makefile cmTC_40c2b/fast && /usr/bin/gmake  -f CMakeFiles/cmTC_40c2b.dir/build.make CMakeFiles/cmTC_40c2b.dir/build
gmake[1]: Entering directory '/home/bobo/ros2_ws/build/Eigen3/CMakeFiles/CMakeTmp'
Building CXX object CMakeFiles/cmTC_40c2b.dir/src.cxx.o
/usr/bin/c++ -DCOMPILER_SUPPORT_Qunusedarguments  -std=c++03 -pedantic -Wall -Wextra -Wundef -Wcast-align -Wchar-subscripts -Wnon-virtual-dtor -Wunused-local-typedefs -Wpointer-arith -Wwrite-strings -Wformat-security -Wlogical-op -Wenum-conversion -Wdouble-promotion -Wshadow -Wno-psabi -Wno-variadic-macros -Wno-long-long -fno-check-new -fno-common -fstrict-aliasing -Werror   -Qunused-arguments -o CMakeFiles/cmTC_40c2b.dir/src.cxx.o -c /home/bobo/ros2_ws/build/Eigen3/CMakeFiles/CMakeTmp/src.cxx
c++: error: unrecognized command-line option '-Qunused-arguments'
gmake[1]: *** [CMakeFiles/cmTC_40c2b.dir/build.make:78: CMakeFiles/cmTC_40c2b.dir/src.cxx.o] Error 1
gmake[1]: Leaving directory '/home/bobo/ros2_ws/build/Eigen3/CMakeFiles/CMakeTmp'
gmake: *** [Makefile:127: cmTC_40c2b/fast] Error 2


Source file was:
int main() { return 0; }
Performing C SOURCE FILE Test SCOTCH_Num_4 failed with the following compile output:
Change Dir: /home/bobo/ros2_ws/build/Eigen3/CMakeFiles/CMakeTmp

Run Build Command(s):/usr/bin/gmake -f Makefile cmTC_5d137/fast && /usr/bin/gmake  -f CMakeFiles/cmTC_5d137.dir/build.make CMakeFiles/cmTC_5d137.dir/build
gmake[1]: Entering directory '/home/bobo/ros2_ws/build/Eigen3/CMakeFiles/CMakeTmp'
Building C object CMakeFiles/cmTC_5d137.dir/src.c.o
/usr/bin/cc -DSCOTCH_Num_4  -fopenmp -o CMakeFiles/cmTC_5d137.dir/src.c.o -c /home/bobo/ros2_ws/build/Eigen3/CMakeFiles/CMakeTmp/src.c
/home/bobo/ros2_ws/build/Eigen3/CMakeFiles/CMakeTmp/src.c:4:10: fatal error: scotch.h: No such file or directory
    4 | #include <scotch.h>
      |          ^~~~~~~~~~
compilation terminated.
gmake[1]: *** [CMakeFiles/cmTC_5d137.dir/build.make:78: CMakeFiles/cmTC_5d137.dir/src.c.o] Error 1
gmake[1]: Leaving directory '/home/bobo/ros2_ws/build/Eigen3/CMakeFiles/CMakeTmp'
gmake: *** [Makefile:127: cmTC_5d137/fast] Error 2


...and run output:

Return value: 1
Source file was:

#include <stdio.h>
#include <stdint.h>
#include <scotch.h>
int main(int argc, char **argv) {
  if (sizeof(SCOTCH_Num) == 4)
    return 0;
  else
    return 1;
}

Performing C SOURCE FILE Test SCOTCH_Num_8 failed with the following compile output:
Change Dir: /home/bobo/ros2_ws/build/Eigen3/CMakeFiles/CMakeTmp

Run Build Command(s):/usr/bin/gmake -f Makefile cmTC_2148c/fast && /usr/bin/gmake  -f CMakeFiles/cmTC_2148c.dir/build.make CMakeFiles/cmTC_2148c.dir/build
gmake[1]: Entering directory '/home/bobo/ros2_ws/build/Eigen3/CMakeFiles/CMakeTmp'
Building C object CMakeFiles/cmTC_2148c.dir/src.c.o
/usr/bin/cc -DSCOTCH_Num_8  -fopenmp -o CMakeFiles/cmTC_2148c.dir/src.c.o -c /home/bobo/ros2_ws/build/Eigen3/CMakeFiles/CMakeTmp/src.c
/home/bobo/ros2_ws/build/Eigen3/CMakeFiles/CMakeTmp/src.c:4:10: fatal error: scotch.h: No such file or directory
    4 | #include <scotch.h>
      |          ^~~~~~~~~~
compilation terminated.
gmake[1]: *** [CMakeFiles/cmTC_2148c.dir/build.make:78: CMakeFiles/cmTC_2148c.dir/src.c.o] Error 1
gmake[1]: Leaving directory '/home/bobo/ros2_ws/build/Eigen3/CMakeFiles/CMakeTmp'
gmake: *** [Makefile:127: cmTC_2148c/fast] Error 2


...and run output:

Return value: 1
Source file was:

#include <stdio.h>
#include <stdint.h>
#include <scotch.h>
int main(int argc, char **argv) {
  if (sizeof(SCOTCH_Num) == 8)
    return 0;
  else
    return 1;
}

